Performing C SOURCE FILE Test compiler_flag_march_znver4 failed with the following output:
Change Dir: /home/kfw/snort_vpp/vpp/build/CMakeFiles/CMakeTmp

Run Build Command(s):/usr/bin/ninja cmTC_c3dc3 && [1/2] Building C object CMakeFiles/cmTC_c3dc3.dir/src.c.o
FAILED: CMakeFiles/cmTC_c3dc3.dir/src.c.o 
/usr/bin/clang -Dcompiler_flag_march_znver4  -march=znver4 -MD -MT CMakeFiles/cmTC_c3dc3.dir/src.c.o -MF CMakeFiles/cmTC_c3dc3.dir/src.c.o.d -o CMakeFiles/cmTC_c3dc3.dir/src.c.o -c /home/kfw/snort_vpp/vpp/build/CMakeFiles/CMakeTmp/src.c
error: unknown target CPU 'znver4'
note: valid target CPU values are: nocona, core2, penryn, bonnell, atom, silvermont, slm, goldmont, goldmont-plus, tremont, nehalem, corei7, westmere, sandybridge, corei7-avx, ivybridge, core-avx-i, haswell, core-avx2, broadwell, skylake, skylake-avx512, skx, cascadelake, cooperlake, cannonlake, icelake-client, rocketlake, icelake-server, tigerlake, sapphirerapids, alderlake, knl, knm, k8, athlon64, athlon-fx, opteron, k8-sse3, athlon64-sse3, opteron-sse3, amdfam10, barcelona, btver1, btver2, bdver1, bdver2, bdver3, bdver4, znver1, znver2, znver3, x86-64, x86-64-v2, x86-64-v3, x86-64-v4
ninja: build stopped: subcommand failed.


Source file was:
int main(void) { return 0; }
Performing C SOURCE FILE Test compiler_flag_mtune_znver4 failed with the following output:
Change Dir: /home/kfw/snort_vpp/vpp/build/CMakeFiles/CMakeTmp

Run Build Command(s):/usr/bin/ninja cmTC_57007 && [1/2] Building C object CMakeFiles/cmTC_57007.dir/src.c.o
FAILED: CMakeFiles/cmTC_57007.dir/src.c.o 
/usr/bin/clang -Dcompiler_flag_mtune_znver4  -mtune=znver4 -MD -MT CMakeFiles/cmTC_57007.dir/src.c.o -MF CMakeFiles/cmTC_57007.dir/src.c.o.d -o CMakeFiles/cmTC_57007.dir/src.c.o -c /home/kfw/snort_vpp/vpp/build/CMakeFiles/CMakeTmp/src.c
error: unknown target CPU 'znver4'
note: valid target CPU values are: i386, i486, winchip-c6, winchip2, c3, i586, pentium, pentium-mmx, pentiumpro, i686, pentium2, pentium3, pentium3m, pentium-m, c3-2, yonah, pentium4, pentium4m, prescott, nocona, core2, penryn, bonnell, atom, silvermont, slm, goldmont, goldmont-plus, tremont, nehalem, corei7, westmere, sandybridge, corei7-avx, ivybridge, core-avx-i, haswell, core-avx2, broadwell, skylake, skylake-avx512, skx, cascadelake, cooperlake, cannonlake, icelake-client, rocketlake, icelake-server, tigerlake, sapphirerapids, alderlake, knl, knm, lakemont, k6, k6-2, k6-3, athlon, athlon-tbird, athlon-xp, athlon-mp, athlon-4, k8, athlon64, athlon-fx, opteron, k8-sse3, athlon64-sse3, opteron-sse3, amdfam10, barcelona, btver1, btver2, bdver1, bdver2, bdver3, bdver4, znver1, znver2, znver3, x86-64, geode
ninja: build stopped: subcommand failed.


Source file was:
int main(void) { return 0; }
Performing C SOURCE FILE Test compiler_flag_no_stringop_overflow failed with the following output:
Change Dir: /home/kfw/snort_vpp/vpp/build/CMakeFiles/CMakeTmp

Run Build Command(s):/usr/bin/ninja cmTC_1609f && [1/2] Building C object CMakeFiles/cmTC_1609f.dir/src.c.o
warning: unknown warning option '-Wno-stringop-overflow'; did you mean '-Wno-shift-overflow'? [-Wunknown-warning-option]
1 warning generated.
[2/2] Linking C executable cmTC_1609f


Source file was:
int main(void) { return 0; }
Checking whether the ASM compiler is GNU using "--version" did not match "(GNU assembler)|(GCC)|(Free Software Foundation)":
Ubuntu clang version 14.0.0-1ubuntu1.1
Target: x86_64-pc-linux-gnu
Thread model: posix
InstalledDir: /usr/bin
